<?xml version="1.0" encoding="utf-8"?>
<testsuites>
  <!--Generated for testrun 5_8_0_17-->
  <properties>
    <property name="polarion-testrun-id" value="5_8_0_17"/>
    <property name="polarion-dry-run" value="False"/>
    <property name="polarion-project-id" value="RHCF3"/>
    <property name="polarion-response-test" value="test"/>
    <property name="polarion-testrun-status-id" value="inprogress"/>
    <property name="polarion-lookup-method" value="Name"/>
  </properties>
  <testsuite errors="3" failures="0" name="Import for RHCF3 - 5_8_0_17 testrun" skipped="0" tests="5" time="2696.4414">
    <testcase name="test_raw_metric_vm_network[rhv41]" time="1.78114914894">
      <error message="Skipping due to these blockers:         - Bugzilla bug https://bugzilla.redhat.com/show_bug.cgi?id=1408963 (or one of its copies)" type="error"/>
      <properties>
        <property name="polarion-testcase-id" value="test_raw_metric_vm_network[rhv41]"/>
      </properties>
    </testcase>
    <testcase name="test_raw_metric_host_disk[rhv41]" time="612.010917187">
      <properties>
        <property name="polarion-testcase-id" value="test_raw_metric_host_disk[rhv41]"/>
      </properties>
    </testcase>
    <testcase name="test_pxe_provision_from_template[vsphere55]" time="2080.81645632">
      <properties>
        <property name="polarion-testcase-id" value="test_pxe_provision_from_template[vsphere55]"/>
      </properties>
    </testcase>
    <testcase name="TestServiceRESTAPI.test_power_parent_service" time="0.996364116669">
      <error message="Skipping due to these blockers:         - Bugzilla bug https://bugzilla.redhat.com/show_bug.cgi?id=1416903 (or one of its copies)" type="error"/>
      <properties>
        <property name="polarion-testcase-id" value="TestServiceRESTAPI.test_power_parent_service"/>
      </properties>
    </testcase>
    <testcase name="TestServiceRESTAPI.test_retire_parent_service_now" time="0.836498022079">
      <error message="Skipping due to these blockers:         - Bugzilla bug https://bugzilla.redhat.com/show_bug.cgi?id=1441412 (or one of its copies)" type="error"/>
      <properties>
        <property name="polarion-testcase-id" value="TestServiceRESTAPI.test_retire_parent_service_now"/>
      </properties>
    </testcase>
  </testsuite>
</testsuites>
